<?xml version="1.0" encoding="UTF-8"?>
<!-- Generated by org.testng.reporters.JUnitReportReporter -->
<testsuite hostname="LAPTOP-PLB7R325" name="org.securepay.TestRunner" tests="1" failures="0" timestamp="7 Aug 2019 00:56:54 GMT" time="22.067" errors="0">
  <testcase name="test1" time="22.067" classname="org.securepay.TestRunner"/>
</testsuite> <!-- org.securepay.TestRunner -->
